<?xml version="1.0" encoding="UTF-8"?>
<!-- Generated by org.testng.reporters.JUnitReportReporter -->
<testsuite hostname="DESKTOP-UT5A57U" failures="0" tests="1" name="Testsample" time="11.444" errors="0" timestamp="2021-06-15T09:41:35 IST" skipped="0">
  <testcase classname="Testsample" name="testEasy" time="11.444"/>
  <system-out/>
</testsuite> <!-- Testsample -->
